<?xml version="1.0" encoding="UTF-8"?>
<coverage generated="1689267703685" clover="3.2.0">
  <project timestamp="1689267703685" name="All files">
    <metrics statements="514" coveredstatements="493" conditionals="79" coveredconditionals="56" methods="89" coveredmethods="83" elements="682" coveredelements="632" complexity="0" loc="514" ncloc="514" packages="23" files="61" classes="61"/>
    <package name="src">
      <metrics statements="17" coveredstatements="16" conditionals="0" coveredconditionals="0" methods="3" coveredmethods="2"/>
      <file name="app.ts" path="/home/ivan/VSCode/drivent__t10-main/drivent__t10-main/src/app.ts">
        <metrics statements="17" coveredstatements="16" conditionals="0" coveredconditionals="0" methods="3" coveredmethods="2"/>
        <line num="1" count="10" type="stmt"/>
        <line num="2" count="10" type="stmt"/>
        <line num="3" count="10" type="stmt"/>
        <line num="4" count="10" type="stmt"/>
        <line num="6" count="10" type="stmt"/>
        <line num="8" count="10" type="stmt"/>
        <line num="10" count="10" type="stmt"/>
        <line num="11" count="10" type="stmt"/>
        <line num="20" count="10" type="stmt"/>
        <line num="21" count="10" type="stmt"/>
        <line num="24" count="1" type="stmt"/>
        <line num="33" count="10" type="stmt"/>
        <line num="34" count="10" type="stmt"/>
        <line num="35" count="10" type="stmt"/>
        <line num="38" count="10" type="stmt"/>
        <line num="39" count="0" type="stmt"/>
        <line num="42" count="10" type="stmt"/>
      </file>
    </package>
    <package name="src.config">
      <metrics statements="13" coveredstatements="12" conditionals="4" coveredconditionals="1" methods="3" coveredmethods="2"/>
      <file name="database.ts" path="/home/ivan/VSCode/drivent__t10-main/drivent__t10-main/src/config/database.ts">
        <metrics statements="5" coveredstatements="4" conditionals="0" coveredconditionals="0" methods="2" coveredmethods="1"/>
        <line num="1" count="13" type="stmt"/>
        <line num="4" count="13" type="stmt"/>
        <line num="5" count="10" type="stmt"/>
        <line num="8" count="13" type="stmt"/>
        <line num="9" count="0" type="stmt"/>
      </file>
      <file name="envs.ts" path="/home/ivan/VSCode/drivent__t10-main/drivent__t10-main/src/config/envs.ts">
        <metrics statements="6" coveredstatements="6" conditionals="4" coveredconditionals="1" methods="1" coveredmethods="1"/>
        <line num="1" count="13" type="stmt"/>
        <line num="2" count="13" type="stmt"/>
        <line num="4" count="13" type="stmt"/>
        <line num="6" count="23" type="cond" truecount="1" falsecount="1"/>
        <line num="12" count="23" type="stmt"/>
        <line num="13" count="23" type="stmt"/>
      </file>
      <file name="index.ts" path="/home/ivan/VSCode/drivent__t10-main/drivent__t10-main/src/config/index.ts">
        <metrics statements="2" coveredstatements="2" conditionals="0" coveredconditionals="0" methods="0" coveredmethods="0"/>
        <line num="1" count="13" type="stmt"/>
        <line num="2" count="13" type="stmt"/>
      </file>
    </package>
    <package name="src.controllers">
      <metrics statements="97" coveredstatements="94" conditionals="11" coveredconditionals="8" methods="11" coveredmethods="11"/>
      <file name="authentication-controller.ts" path="/home/ivan/VSCode/drivent__t10-main/drivent__t10-main/src/controllers/authentication-controller.ts">
        <metrics statements="8" coveredstatements="8" conditionals="0" coveredconditionals="0" methods="1" coveredmethods="1"/>
        <line num="2" count="10" type="stmt"/>
        <line num="3" count="10" type="stmt"/>
        <line num="5" count="10" type="stmt"/>
        <line num="6" count="5" type="stmt"/>
        <line num="8" count="5" type="stmt"/>
        <line num="9" count="5" type="stmt"/>
        <line num="11" count="3" type="stmt"/>
        <line num="13" count="2" type="stmt"/>
      </file>
      <file name="enrollments-controller.ts" path="/home/ivan/VSCode/drivent__t10-main/drivent__t10-main/src/controllers/enrollments-controller.ts">
        <metrics statements="20" coveredstatements="19" conditionals="1" coveredconditionals="1" methods="3" coveredmethods="3"/>
        <line num="2" count="10" type="stmt"/>
        <line num="4" count="10" type="stmt"/>
        <line num="6" count="10" type="stmt"/>
        <line num="7" count="2" type="stmt"/>
        <line num="9" count="2" type="stmt"/>
        <line num="10" count="2" type="stmt"/>
        <line num="12" count="1" type="stmt"/>
        <line num="14" count="1" type="stmt"/>
        <line num="18" count="10" type="stmt"/>
        <line num="19" count="2" type="stmt"/>
        <line num="20" count="2" type="stmt"/>
        <line num="25" count="2" type="stmt"/>
        <line num="27" count="0" type="stmt"/>
        <line num="31" count="10" type="stmt"/>
        <line num="32" count="2" type="stmt"/>
        <line num="34" count="2" type="stmt"/>
        <line num="35" count="2" type="stmt"/>
        <line num="36" count="1" type="stmt"/>
        <line num="38" count="1" type="cond" truecount="1" falsecount="0"/>
        <line num="39" count="1" type="stmt"/>
      </file>
      <file name="events-controller.ts" path="/home/ivan/VSCode/drivent__t10-main/drivent__t10-main/src/controllers/events-controller.ts">
        <metrics statements="7" coveredstatements="7" conditionals="0" coveredconditionals="0" methods="1" coveredmethods="1"/>
        <line num="2" count="10" type="stmt"/>
        <line num="3" count="10" type="stmt"/>
        <line num="5" count="10" type="stmt"/>
        <line num="6" count="2" type="stmt"/>
        <line num="7" count="2" type="stmt"/>
        <line num="8" count="1" type="stmt"/>
        <line num="10" count="1" type="stmt"/>
      </file>
      <file name="index.ts" path="/home/ivan/VSCode/drivent__t10-main/drivent__t10-main/src/controllers/index.ts">
        <metrics statements="6" coveredstatements="6" conditionals="0" coveredconditionals="0" methods="0" coveredmethods="0"/>
        <line num="1" count="10" type="stmt"/>
        <line num="2" count="10" type="stmt"/>
        <line num="3" count="10" type="stmt"/>
        <line num="4" count="10" type="stmt"/>
        <line num="5" count="10" type="stmt"/>
        <line num="6" count="10" type="stmt"/>
      </file>
      <file name="payments-controller.ts" path="/home/ivan/VSCode/drivent__t10-main/drivent__t10-main/src/controllers/payments-controller.ts">
        <metrics statements="24" coveredstatements="24" conditionals="8" coveredconditionals="6" methods="2" coveredmethods="2"/>
        <line num="2" count="10" type="stmt"/>
        <line num="4" count="10" type="stmt"/>
        <line num="6" count="10" type="stmt"/>
        <line num="7" count="4" type="stmt"/>
        <line num="8" count="4" type="stmt"/>
        <line num="9" count="4" type="stmt"/>
        <line num="11" count="4" type="cond" truecount="1" falsecount="0"/>
        <line num="13" count="3" type="stmt"/>
        <line num="14" count="1" type="cond" truecount="0" falsecount="1"/>
        <line num="16" count="1" type="stmt"/>
        <line num="18" count="2" type="cond" truecount="1" falsecount="0"/>
        <line num="19" count="1" type="stmt"/>
        <line num="21" count="1" type="stmt"/>
        <line num="25" count="10" type="stmt"/>
        <line num="26" count="7" type="stmt"/>
        <line num="27" count="7" type="stmt"/>
        <line num="29" count="7" type="stmt"/>
        <line num="30" count="7" type="cond" truecount="3" falsecount="0"/>
        <line num="32" count="5" type="stmt"/>
        <line num="33" count="3" type="cond" truecount="0" falsecount="1"/>
        <line num="35" count="3" type="stmt"/>
        <line num="37" count="2" type="cond" truecount="1" falsecount="0"/>
        <line num="38" count="1" type="stmt"/>
        <line num="40" count="1" type="stmt"/>
      </file>
      <file name="tickets-controller.ts" path="/home/ivan/VSCode/drivent__t10-main/drivent__t10-main/src/controllers/tickets-controller.ts">
        <metrics statements="22" coveredstatements="20" conditionals="1" coveredconditionals="0" methods="3" coveredmethods="3"/>
        <line num="2" count="10" type="stmt"/>
        <line num="4" count="10" type="stmt"/>
        <line num="7" count="10" type="stmt"/>
        <line num="8" count="2" type="stmt"/>
        <line num="9" count="2" type="stmt"/>
        <line num="10" count="2" type="stmt"/>
        <line num="12" count="0" type="stmt"/>
        <line num="16" count="10" type="stmt"/>
        <line num="17" count="3" type="stmt"/>
        <line num="19" count="3" type="stmt"/>
        <line num="20" count="3" type="stmt"/>
        <line num="21" count="1" type="stmt"/>
        <line num="23" count="2" type="stmt"/>
        <line num="27" count="10" type="stmt"/>
        <line num="28" count="3" type="stmt"/>
        <line num="29" count="3" type="stmt"/>
        <line num="31" count="3" type="cond" truecount="0" falsecount="1"/>
        <line num="32" count="0" type="stmt"/>
        <line num="35" count="3" type="stmt"/>
        <line num="36" count="3" type="stmt"/>
        <line num="37" count="2" type="stmt"/>
        <line num="39" count="1" type="stmt"/>
      </file>
      <file name="users-controller.ts" path="/home/ivan/VSCode/drivent__t10-main/drivent__t10-main/src/controllers/users-controller.ts">
        <metrics statements="10" coveredstatements="10" conditionals="1" coveredconditionals="1" methods="1" coveredmethods="1"/>
        <line num="2" count="10" type="stmt"/>
        <line num="3" count="10" type="stmt"/>
        <line num="5" count="10" type="stmt"/>
        <line num="6" count="6" type="stmt"/>
        <line num="8" count="6" type="stmt"/>
        <line num="9" count="6" type="stmt"/>
        <line num="10" count="3" type="stmt"/>
        <line num="15" count="3" type="cond" truecount="1" falsecount="0"/>
        <line num="16" count="1" type="stmt"/>
        <line num="18" count="2" type="stmt"/>
      </file>
    </package>
    <package name="src.errors">
      <metrics statements="21" coveredstatements="19" conditionals="0" coveredconditionals="0" methods="7" coveredmethods="5"/>
      <file name="cannot-enroll-before-start-date-error.ts" path="/home/ivan/VSCode/drivent__t10-main/drivent__t10-main/src/errors/cannot-enroll-before-start-date-error.ts">
        <metrics statements="2" coveredstatements="2" conditionals="0" coveredconditionals="0" methods="1" coveredmethods="1"/>
        <line num="3" count="10" type="stmt"/>
        <line num="4" count="2" type="stmt"/>
      </file>
      <file name="conflict-error.ts" path="/home/ivan/VSCode/drivent__t10-main/drivent__t10-main/src/errors/conflict-error.ts">
        <metrics statements="2" coveredstatements="1" conditionals="0" coveredconditionals="0" methods="1" coveredmethods="0"/>
        <line num="3" count="10" type="stmt"/>
        <line num="4" count="0" type="stmt"/>
      </file>
      <file name="index.ts" path="/home/ivan/VSCode/drivent__t10-main/drivent__t10-main/src/errors/index.ts">
        <metrics statements="7" coveredstatements="7" conditionals="0" coveredconditionals="0" methods="0" coveredmethods="0"/>
        <line num="1" count="10" type="stmt"/>
        <line num="2" count="10" type="stmt"/>
        <line num="3" count="10" type="stmt"/>
        <line num="4" count="10" type="stmt"/>
        <line num="5" count="10" type="stmt"/>
        <line num="6" count="10" type="stmt"/>
        <line num="7" count="10" type="stmt"/>
      </file>
      <file name="invalid-data-error.ts" path="/home/ivan/VSCode/drivent__t10-main/drivent__t10-main/src/errors/invalid-data-error.ts">
        <metrics statements="2" coveredstatements="2" conditionals="0" coveredconditionals="0" methods="1" coveredmethods="1"/>
        <line num="3" count="10" type="stmt"/>
        <line num="4" count="8" type="stmt"/>
      </file>
      <file name="invalid-email-error.ts" path="/home/ivan/VSCode/drivent__t10-main/drivent__t10-main/src/errors/invalid-email-error.ts">
        <metrics statements="2" coveredstatements="1" conditionals="0" coveredconditionals="0" methods="1" coveredmethods="0"/>
        <line num="3" count="10" type="stmt"/>
        <line num="4" count="0" type="stmt"/>
      </file>
      <file name="not-found-error.ts" path="/home/ivan/VSCode/drivent__t10-main/drivent__t10-main/src/errors/not-found-error.ts">
        <metrics statements="2" coveredstatements="2" conditionals="0" coveredconditionals="0" methods="1" coveredmethods="1"/>
        <line num="3" count="10" type="stmt"/>
        <line num="4" count="8" type="stmt"/>
      </file>
      <file name="request-error.ts" path="/home/ivan/VSCode/drivent__t10-main/drivent__t10-main/src/errors/request-error.ts">
        <metrics statements="2" coveredstatements="2" conditionals="0" coveredconditionals="0" methods="1" coveredmethods="1"/>
        <line num="3" count="10" type="stmt"/>
        <line num="4" count="1" type="stmt"/>
      </file>
      <file name="unauthorized-error.ts" path="/home/ivan/VSCode/drivent__t10-main/drivent__t10-main/src/errors/unauthorized-error.ts">
        <metrics statements="2" coveredstatements="2" conditionals="0" coveredconditionals="0" methods="1" coveredmethods="1"/>
        <line num="3" count="10" type="stmt"/>
        <line num="4" count="23" type="stmt"/>
      </file>
    </package>
    <package name="src.middlewares">
      <metrics statements="45" coveredstatements="32" conditionals="12" coveredconditionals="4" methods="8" coveredmethods="6"/>
      <file name="authentication-middleware.ts" path="/home/ivan/VSCode/drivent__t10-main/drivent__t10-main/src/middlewares/authentication-middleware.ts">
        <metrics statements="17" coveredstatements="17" conditionals="3" coveredconditionals="2" methods="2" coveredmethods="2"/>
        <line num="2" count="10" type="stmt"/>
        <line num="3" count="10" type="stmt"/>
        <line num="5" count="10" type="stmt"/>
        <line num="6" count="10" type="stmt"/>
        <line num="8" count="10" type="stmt"/>
        <line num="9" count="48" type="stmt"/>
        <line num="10" count="48" type="cond" truecount="1" falsecount="0"/>
        <line num="12" count="41" type="stmt"/>
        <line num="13" count="41" type="cond" truecount="0" falsecount="1"/>
        <line num="15" count="41" type="stmt"/>
        <line num="16" count="41" type="stmt"/>
        <line num="18" count="34" type="stmt"/>
        <line num="23" count="34" type="cond" truecount="1" falsecount="0"/>
        <line num="25" count="27" type="stmt"/>
        <line num="27" count="27" type="stmt"/>
        <line num="29" count="7" type="stmt"/>
        <line num="34" count="21" type="stmt"/>
      </file>
      <file name="error-handling-middleware.ts" path="/home/ivan/VSCode/drivent__t10-main/drivent__t10-main/src/middlewares/error-handling-middleware.ts">
        <metrics statements="14" coveredstatements="2" conditionals="7" coveredconditionals="0" methods="1" coveredmethods="0"/>
        <line num="2" count="10" type="stmt"/>
        <line num="5" count="10" type="stmt"/>
        <line num="11" count="0" type="cond" truecount="0" falsecount="1"/>
        <line num="12" count="0" type="stmt"/>
        <line num="17" count="0" type="cond" truecount="0" falsecount="3"/>
        <line num="18" count="0" type="stmt"/>
        <line num="23" count="0" type="cond" truecount="0" falsecount="1"/>
        <line num="24" count="0" type="stmt"/>
        <line num="29" count="0" type="cond" truecount="0" falsecount="1"/>
        <line num="30" count="0" type="stmt"/>
        <line num="35" count="0" type="cond" truecount="0" falsecount="1"/>
        <line num="36" count="0" type="stmt"/>
        <line num="42" count="0" type="stmt"/>
        <line num="43" count="0" type="stmt"/>
      </file>
      <file name="index.ts" path="/home/ivan/VSCode/drivent__t10-main/drivent__t10-main/src/middlewares/index.ts">
        <metrics statements="3" coveredstatements="3" conditionals="0" coveredconditionals="0" methods="0" coveredmethods="0"/>
        <line num="1" count="10" type="stmt"/>
        <line num="2" count="10" type="stmt"/>
        <line num="3" count="10" type="stmt"/>
      </file>
      <file name="validation-middleware.ts" path="/home/ivan/VSCode/drivent__t10-main/drivent__t10-main/src/middlewares/validation-middleware.ts">
        <metrics statements="11" coveredstatements="10" conditionals="2" coveredconditionals="2" methods="5" coveredmethods="4"/>
        <line num="2" count="10" type="stmt"/>
        <line num="4" count="10" type="stmt"/>
        <line num="6" count="10" type="stmt"/>
        <line num="7" count="40" type="stmt"/>
        <line num="10" count="10" type="stmt"/>
        <line num="11" count="0" type="stmt"/>
        <line num="15" count="40" type="stmt"/>
        <line num="16" count="24" type="stmt"/>
        <line num="20" count="24" type="cond" truecount="2" falsecount="0"/>
        <line num="21" count="16" type="stmt"/>
        <line num="23" count="24" type="stmt"/>
      </file>
    </package>
    <package name="src.repositories.address-repository">
      <metrics statements="4" coveredstatements="4" conditionals="0" coveredconditionals="0" methods="1" coveredmethods="1"/>
      <file name="index.ts" path="/home/ivan/VSCode/drivent__t10-main/drivent__t10-main/src/repositories/address-repository/index.ts">
        <metrics statements="4" coveredstatements="4" conditionals="0" coveredconditionals="0" methods="1" coveredmethods="1"/>
        <line num="2" count="10" type="stmt"/>
        <line num="5" count="2" type="stmt"/>
        <line num="20" count="10" type="stmt"/>
        <line num="24" count="10" type="stmt"/>
      </file>
    </package>
    <package name="src.repositories.enrollment-repository">
      <metrics statements="6" coveredstatements="6" conditionals="0" coveredconditionals="0" methods="3" coveredmethods="3"/>
      <file name="index.ts" path="/home/ivan/VSCode/drivent__t10-main/drivent__t10-main/src/repositories/enrollment-repository/index.ts">
        <metrics statements="6" coveredstatements="6" conditionals="0" coveredconditionals="0" methods="3" coveredmethods="3"/>
        <line num="2" count="10" type="stmt"/>
        <line num="5" count="8" type="stmt"/>
        <line num="18" count="2" type="stmt"/>
        <line num="28" count="6" type="stmt"/>
        <line num="36" count="10" type="stmt"/>
        <line num="42" count="10" type="stmt"/>
      </file>
    </package>
    <package name="src.repositories.event-repository">
      <metrics statements="4" coveredstatements="4" conditionals="0" coveredconditionals="0" methods="1" coveredmethods="1"/>
      <file name="index.ts" path="/home/ivan/VSCode/drivent__t10-main/drivent__t10-main/src/repositories/event-repository/index.ts">
        <metrics statements="4" coveredstatements="4" conditionals="0" coveredconditionals="0" methods="1" coveredmethods="1"/>
        <line num="1" count="10" type="stmt"/>
        <line num="4" count="11" type="stmt"/>
        <line num="7" count="10" type="stmt"/>
        <line num="11" count="10" type="stmt"/>
      </file>
    </package>
    <package name="src.repositories.payments-repository">
      <metrics statements="4" coveredstatements="4" conditionals="0" coveredconditionals="0" methods="2" coveredmethods="2"/>
      <file name="index.ts" path="/home/ivan/VSCode/drivent__t10-main/drivent__t10-main/src/repositories/payments-repository/index.ts">
        <metrics statements="4" coveredstatements="4" conditionals="0" coveredconditionals="0" methods="2" coveredmethods="2"/>
        <line num="1" count="10" type="stmt"/>
        <line num="5" count="1" type="stmt"/>
        <line num="13" count="3" type="stmt"/>
        <line num="21" count="10" type="stmt"/>
      </file>
    </package>
    <package name="src.repositories.session-repository">
      <metrics statements="4" coveredstatements="4" conditionals="0" coveredconditionals="0" methods="1" coveredmethods="1"/>
      <file name="index.ts" path="/home/ivan/VSCode/drivent__t10-main/drivent__t10-main/src/repositories/session-repository/index.ts">
        <metrics statements="4" coveredstatements="4" conditionals="0" coveredconditionals="0" methods="1" coveredmethods="1"/>
        <line num="2" count="10" type="stmt"/>
        <line num="5" count="5" type="stmt"/>
        <line num="10" count="10" type="stmt"/>
        <line num="14" count="10" type="stmt"/>
      </file>
    </package>
    <package name="src.repositories.tickets-repository">
      <metrics statements="9" coveredstatements="9" conditionals="0" coveredconditionals="0" methods="6" coveredmethods="6"/>
      <file name="index.ts" path="/home/ivan/VSCode/drivent__t10-main/drivent__t10-main/src/repositories/tickets-repository/index.ts">
        <metrics statements="9" coveredstatements="9" conditionals="0" coveredconditionals="0" methods="6" coveredmethods="6"/>
        <line num="1" count="10" type="stmt"/>
        <line num="2" count="10" type="stmt"/>
        <line num="6" count="2" type="stmt"/>
        <line num="10" count="4" type="stmt"/>
        <line num="19" count="2" type="stmt"/>
        <line num="25" count="8" type="stmt"/>
        <line num="36" count="3" type="stmt"/>
        <line num="47" count="3" type="stmt"/>
        <line num="57" count="10" type="stmt"/>
      </file>
    </package>
    <package name="src.repositories.user-repository">
      <metrics statements="8" coveredstatements="8" conditionals="1" coveredconditionals="1" methods="2" coveredmethods="2"/>
      <file name="index.ts" path="/home/ivan/VSCode/drivent__t10-main/drivent__t10-main/src/repositories/user-repository/index.ts">
        <metrics statements="8" coveredstatements="8" conditionals="1" coveredconditionals="1" methods="2" coveredmethods="2"/>
        <line num="2" count="10" type="stmt"/>
        <line num="5" count="16" type="stmt"/>
        <line num="11" count="16" type="cond" truecount="1" falsecount="0"/>
        <line num="12" count="9" type="stmt"/>
        <line num="15" count="16" type="stmt"/>
        <line num="19" count="5" type="stmt"/>
        <line num="24" count="10" type="stmt"/>
        <line num="29" count="10" type="stmt"/>
      </file>
    </package>
    <package name="src.routers">
      <metrics statements="45" coveredstatements="45" conditionals="0" coveredconditionals="0" methods="0" coveredmethods="0"/>
      <file name="authentication-router.ts" path="/home/ivan/VSCode/drivent__t10-main/drivent__t10-main/src/routers/authentication-router.ts">
        <metrics statements="7" coveredstatements="7" conditionals="0" coveredconditionals="0" methods="0" coveredmethods="0"/>
        <line num="1" count="10" type="stmt"/>
        <line num="2" count="10" type="stmt"/>
        <line num="3" count="10" type="stmt"/>
        <line num="4" count="10" type="stmt"/>
        <line num="6" count="10" type="stmt"/>
        <line num="8" count="10" type="stmt"/>
        <line num="10" count="10" type="stmt"/>
      </file>
      <file name="enrollments-router.ts" path="/home/ivan/VSCode/drivent__t10-main/drivent__t10-main/src/routers/enrollments-router.ts">
        <metrics statements="7" coveredstatements="7" conditionals="0" coveredconditionals="0" methods="0" coveredmethods="0"/>
        <line num="1" count="10" type="stmt"/>
        <line num="2" count="10" type="stmt"/>
        <line num="3" count="10" type="stmt"/>
        <line num="4" count="10" type="stmt"/>
        <line num="6" count="10" type="stmt"/>
        <line num="8" count="10" type="stmt"/>
        <line num="14" count="10" type="stmt"/>
      </file>
      <file name="events-router.ts" path="/home/ivan/VSCode/drivent__t10-main/drivent__t10-main/src/routers/events-router.ts">
        <metrics statements="5" coveredstatements="5" conditionals="0" coveredconditionals="0" methods="0" coveredmethods="0"/>
        <line num="1" count="10" type="stmt"/>
        <line num="2" count="10" type="stmt"/>
        <line num="4" count="10" type="stmt"/>
        <line num="6" count="10" type="stmt"/>
        <line num="8" count="10" type="stmt"/>
      </file>
      <file name="index.ts" path="/home/ivan/VSCode/drivent__t10-main/drivent__t10-main/src/routers/index.ts">
        <metrics statements="6" coveredstatements="6" conditionals="0" coveredconditionals="0" methods="0" coveredmethods="0"/>
        <line num="1" count="10" type="stmt"/>
        <line num="2" count="10" type="stmt"/>
        <line num="3" count="10" type="stmt"/>
        <line num="4" count="10" type="stmt"/>
        <line num="5" count="10" type="stmt"/>
        <line num="6" count="10" type="stmt"/>
      </file>
      <file name="payments-router.ts" path="/home/ivan/VSCode/drivent__t10-main/drivent__t10-main/src/routers/payments-router.ts">
        <metrics statements="6" coveredstatements="6" conditionals="0" coveredconditionals="0" methods="0" coveredmethods="0"/>
        <line num="1" count="10" type="stmt"/>
        <line num="2" count="10" type="stmt"/>
        <line num="3" count="10" type="stmt"/>
        <line num="5" count="10" type="stmt"/>
        <line num="7" count="10" type="stmt"/>
        <line num="9" count="10" type="stmt"/>
      </file>
      <file name="tickets-router.ts" path="/home/ivan/VSCode/drivent__t10-main/drivent__t10-main/src/routers/tickets-router.ts">
        <metrics statements="7" coveredstatements="7" conditionals="0" coveredconditionals="0" methods="0" coveredmethods="0"/>
        <line num="1" count="10" type="stmt"/>
        <line num="2" count="10" type="stmt"/>
        <line num="3" count="10" type="stmt"/>
        <line num="4" count="10" type="stmt"/>
        <line num="6" count="10" type="stmt"/>
        <line num="8" count="10" type="stmt"/>
        <line num="14" count="10" type="stmt"/>
      </file>
      <file name="users-router.ts" path="/home/ivan/VSCode/drivent__t10-main/drivent__t10-main/src/routers/users-router.ts">
        <metrics statements="7" coveredstatements="7" conditionals="0" coveredconditionals="0" methods="0" coveredmethods="0"/>
        <line num="1" count="10" type="stmt"/>
        <line num="3" count="10" type="stmt"/>
        <line num="4" count="10" type="stmt"/>
        <line num="5" count="10" type="stmt"/>
        <line num="7" count="10" type="stmt"/>
        <line num="9" count="10" type="stmt"/>
        <line num="11" count="10" type="stmt"/>
      </file>
    </package>
    <package name="src.schemas">
      <metrics statements="28" coveredstatements="27" conditionals="6" coveredconditionals="2" methods="4" coveredmethods="4"/>
      <file name="authentication-schemas.ts" path="/home/ivan/VSCode/drivent__t10-main/drivent__t10-main/src/schemas/authentication-schemas.ts">
        <metrics statements="2" coveredstatements="2" conditionals="0" coveredconditionals="0" methods="0" coveredmethods="0"/>
        <line num="1" count="13" type="stmt"/>
        <line num="4" count="13" type="stmt"/>
      </file>
      <file name="enrollments-schemas.ts" path="/home/ivan/VSCode/drivent__t10-main/drivent__t10-main/src/schemas/enrollments-schemas.ts">
        <metrics statements="19" coveredstatements="18" conditionals="6" coveredconditionals="2" methods="4" coveredmethods="4"/>
        <line num="1" count="13" type="stmt"/>
        <line num="2" count="13" type="stmt"/>
        <line num="5" count="13" type="stmt"/>
        <line num="7" count="13" type="stmt"/>
        <line num="9" count="13" type="stmt"/>
        <line num="11" count="13" type="stmt"/>
        <line num="23" count="351" type="stmt"/>
        <line num="31" count="29" type="cond" truecount="0" falsecount="1"/>
        <line num="33" count="29" type="cond" truecount="1" falsecount="0"/>
        <line num="34" count="1" type="stmt"/>
        <line num="37" count="28" type="stmt"/>
        <line num="41" count="19" type="cond" truecount="0" falsecount="1"/>
        <line num="43" count="19" type="cond" truecount="1" falsecount="0"/>
        <line num="44" count="1" type="stmt"/>
        <line num="47" count="18" type="stmt"/>
        <line num="51" count="23" type="cond" truecount="0" falsecount="1"/>
        <line num="53" count="23" type="cond" truecount="0" falsecount="1"/>
        <line num="54" count="0" type="stmt"/>
        <line num="57" count="23" type="stmt"/>
      </file>
      <file name="index.ts" path="/home/ivan/VSCode/drivent__t10-main/drivent__t10-main/src/schemas/index.ts">
        <metrics statements="3" coveredstatements="3" conditionals="0" coveredconditionals="0" methods="0" coveredmethods="0"/>
        <line num="1" count="13" type="stmt"/>
        <line num="2" count="13" type="stmt"/>
        <line num="3" count="13" type="stmt"/>
      </file>
      <file name="tickets-schemas.ts" path="/home/ivan/VSCode/drivent__t10-main/drivent__t10-main/src/schemas/tickets-schemas.ts">
        <metrics statements="2" coveredstatements="2" conditionals="0" coveredconditionals="0" methods="0" coveredmethods="0"/>
        <line num="1" count="10" type="stmt"/>
        <line num="4" count="10" type="stmt"/>
      </file>
      <file name="users-schemas.ts" path="/home/ivan/VSCode/drivent__t10-main/drivent__t10-main/src/schemas/users-schemas.ts">
        <metrics statements="2" coveredstatements="2" conditionals="0" coveredconditionals="0" methods="0" coveredmethods="0"/>
        <line num="1" count="13" type="stmt"/>
        <line num="4" count="13" type="stmt"/>
      </file>
    </package>
    <package name="src.services.authentication-service">
      <metrics statements="24" coveredstatements="24" conditionals="2" coveredconditionals="2" methods="5" coveredmethods="5"/>
      <file name="errors.ts" path="/home/ivan/VSCode/drivent__t10-main/drivent__t10-main/src/services/authentication-service/errors.ts">
        <metrics statements="2" coveredstatements="2" conditionals="0" coveredconditionals="0" methods="1" coveredmethods="1"/>
        <line num="3" count="10" type="stmt"/>
        <line num="4" count="6" type="stmt"/>
      </file>
      <file name="index.ts" path="/home/ivan/VSCode/drivent__t10-main/drivent__t10-main/src/services/authentication-service/index.ts">
        <metrics statements="22" coveredstatements="22" conditionals="2" coveredconditionals="2" methods="4" coveredmethods="4"/>
        <line num="2" count="10" type="stmt"/>
        <line num="3" count="10" type="stmt"/>
        <line num="4" count="10" type="stmt"/>
        <line num="5" count="10" type="stmt"/>
        <line num="6" count="10" type="stmt"/>
        <line num="7" count="10" type="stmt"/>
        <line num="10" count="9" type="stmt"/>
        <line num="12" count="9" type="stmt"/>
        <line num="14" count="7" type="stmt"/>
        <line num="16" count="5" type="stmt"/>
        <line num="18" count="5" type="stmt"/>
        <line num="25" count="9" type="stmt"/>
        <line num="26" count="9" type="cond" truecount="1" falsecount="0"/>
        <line num="28" count="7" type="stmt"/>
        <line num="32" count="5" type="stmt"/>
        <line num="33" count="5" type="stmt"/>
        <line num="38" count="5" type="stmt"/>
        <line num="42" count="7" type="stmt"/>
        <line num="43" count="7" type="cond" truecount="1" falsecount="0"/>
        <line num="55" count="10" type="stmt"/>
        <line num="59" count="10" type="stmt"/>
        <line num="60" count="10" type="stmt"/>
      </file>
    </package>
    <package name="src.services.enrollments-service">
      <metrics statements="26" coveredstatements="26" conditionals="9" coveredconditionals="8" methods="5" coveredmethods="5"/>
      <file name="index.ts" path="/home/ivan/VSCode/drivent__t10-main/drivent__t10-main/src/services/enrollments-service/index.ts">
        <metrics statements="26" coveredstatements="26" conditionals="9" coveredconditionals="8" methods="5" coveredmethods="5"/>
        <line num="2" count="10" type="stmt"/>
        <line num="3" count="10" type="stmt"/>
        <line num="4" count="10" type="stmt"/>
        <line num="5" count="10" type="stmt"/>
        <line num="6" count="10" type="stmt"/>
        <line num="10" count="4" type="stmt"/>
        <line num="12" count="4" type="cond" truecount="3" falsecount="0"/>
        <line num="13" count="1" type="stmt"/>
        <line num="16" count="3" type="stmt"/>
        <line num="18" count="3" type="stmt"/>
        <line num="26" count="3" type="stmt"/>
        <line num="30" count="2" type="stmt"/>
        <line num="32" count="2" type="cond" truecount="1" falsecount="0"/>
        <line num="34" count="1" type="stmt"/>
        <line num="35" count="1" type="stmt"/>
        <line num="37" count="1" type="stmt"/>
        <line num="46" count="1" type="cond" truecount="0" falsecount="1"/>
        <line num="48" count="1" type="stmt"/>
        <line num="54" count="2" type="stmt"/>
        <line num="55" count="2" type="stmt"/>
        <line num="57" count="2" type="stmt"/>
        <line num="59" count="2" type="stmt"/>
        <line num="61" count="2" type="stmt"/>
        <line num="65" count="2" type="stmt"/>
        <line num="75" count="10" type="stmt"/>
        <line num="81" count="10" type="stmt"/>
      </file>
    </package>
    <package name="src.services.events-service">
      <metrics statements="15" coveredstatements="15" conditionals="4" coveredconditionals="4" methods="2" coveredmethods="2"/>
      <file name="index.ts" path="/home/ivan/VSCode/drivent__t10-main/drivent__t10-main/src/services/events-service/index.ts">
        <metrics statements="15" coveredstatements="15" conditionals="4" coveredconditionals="4" methods="2" coveredmethods="2"/>
        <line num="2" count="10" type="stmt"/>
        <line num="3" count="10" type="stmt"/>
        <line num="4" count="10" type="stmt"/>
        <line num="5" count="10" type="stmt"/>
        <line num="8" count="2" type="stmt"/>
        <line num="9" count="2" type="cond" truecount="1" falsecount="0"/>
        <line num="11" count="1" type="stmt"/>
        <line num="17" count="9" type="stmt"/>
        <line num="18" count="9" type="cond" truecount="1" falsecount="0"/>
        <line num="20" count="8" type="stmt"/>
        <line num="21" count="8" type="stmt"/>
        <line num="22" count="8" type="stmt"/>
        <line num="24" count="8" type="cond" truecount="2" falsecount="0"/>
        <line num="27" count="10" type="stmt"/>
        <line num="32" count="10" type="stmt"/>
      </file>
    </package>
    <package name="src.services.payments-service">
      <metrics statements="20" coveredstatements="20" conditionals="4" coveredconditionals="2" methods="3" coveredmethods="3"/>
      <file name="index.ts" path="/home/ivan/VSCode/drivent__t10-main/drivent__t10-main/src/services/payments-service/index.ts">
        <metrics statements="20" coveredstatements="20" conditionals="4" coveredconditionals="2" methods="3" coveredmethods="3"/>
        <line num="1" count="10" type="stmt"/>
        <line num="3" count="10" type="stmt"/>
        <line num="4" count="10" type="stmt"/>
        <line num="5" count="10" type="stmt"/>
        <line num="8" count="8" type="stmt"/>
        <line num="9" count="8" type="cond" truecount="1" falsecount="0"/>
        <line num="11" count="6" type="stmt"/>
        <line num="12" count="6" type="cond" truecount="0" falsecount="1"/>
        <line num="14" count="6" type="cond" truecount="1" falsecount="0"/>
        <line num="18" count="3" type="stmt"/>
        <line num="20" count="1" type="stmt"/>
        <line num="21" count="1" type="cond" truecount="0" falsecount="1"/>
        <line num="23" count="1" type="stmt"/>
        <line num="27" count="5" type="stmt"/>
        <line num="29" count="3" type="stmt"/>
        <line num="31" count="3" type="stmt"/>
        <line num="38" count="3" type="stmt"/>
        <line num="40" count="3" type="stmt"/>
        <line num="42" count="3" type="stmt"/>
        <line num="45" count="10" type="stmt"/>
      </file>
    </package>
    <package name="src.services.tickets-service">
      <metrics statements="20" coveredstatements="20" conditionals="4" coveredconditionals="3" methods="3" coveredmethods="3"/>
      <file name="index.ts" path="/home/ivan/VSCode/drivent__t10-main/drivent__t10-main/src/services/tickets-service/index.ts">
        <metrics statements="20" coveredstatements="20" conditionals="4" coveredconditionals="3" methods="3" coveredmethods="3"/>
        <line num="1" count="10" type="stmt"/>
        <line num="2" count="10" type="stmt"/>
        <line num="3" count="10" type="stmt"/>
        <line num="4" count="10" type="stmt"/>
        <line num="8" count="2" type="stmt"/>
        <line num="9" count="2" type="cond" truecount="0" falsecount="1"/>
        <line num="11" count="2" type="stmt"/>
        <line num="15" count="3" type="stmt"/>
        <line num="16" count="3" type="cond" truecount="1" falsecount="0"/>
        <line num="18" count="2" type="stmt"/>
        <line num="19" count="2" type="cond" truecount="1" falsecount="0"/>
        <line num="21" count="1" type="stmt"/>
        <line num="25" count="3" type="stmt"/>
        <line num="26" count="3" type="cond" truecount="1" falsecount="0"/>
        <line num="28" count="2" type="stmt"/>
        <line num="34" count="2" type="stmt"/>
        <line num="36" count="2" type="stmt"/>
        <line num="38" count="2" type="stmt"/>
        <line num="41" count="10" type="stmt"/>
        <line num="43" count="10" type="stmt"/>
      </file>
    </package>
    <package name="src.services.users-service">
      <metrics statements="21" coveredstatements="21" conditionals="2" coveredconditionals="2" methods="4" coveredmethods="4"/>
      <file name="errors.ts" path="/home/ivan/VSCode/drivent__t10-main/drivent__t10-main/src/services/users-service/errors.ts">
        <metrics statements="2" coveredstatements="2" conditionals="0" coveredconditionals="0" methods="1" coveredmethods="1"/>
        <line num="3" count="10" type="stmt"/>
        <line num="4" count="4" type="stmt"/>
      </file>
      <file name="index.ts" path="/home/ivan/VSCode/drivent__t10-main/drivent__t10-main/src/services/users-service/index.ts">
        <metrics statements="19" coveredstatements="19" conditionals="2" coveredconditionals="2" methods="3" coveredmethods="3"/>
        <line num="2" count="10" type="stmt"/>
        <line num="3" count="10" type="stmt"/>
        <line num="4" count="10" type="stmt"/>
        <line num="5" count="10" type="stmt"/>
        <line num="6" count="10" type="stmt"/>
        <line num="8" count="10" type="stmt"/>
        <line num="9" count="9" type="stmt"/>
        <line num="11" count="7" type="stmt"/>
        <line num="13" count="5" type="stmt"/>
        <line num="14" count="5" type="stmt"/>
        <line num="21" count="7" type="stmt"/>
        <line num="22" count="7" type="cond" truecount="1" falsecount="0"/>
        <line num="23" count="2" type="stmt"/>
        <line num="28" count="9" type="stmt"/>
        <line num="29" count="9" type="cond" truecount="1" falsecount="0"/>
        <line num="30" count="2" type="stmt"/>
        <line num="36" count="10" type="stmt"/>
        <line num="40" count="10" type="stmt"/>
        <line num="41" count="10" type="stmt"/>
      </file>
    </package>
    <package name="src.utils">
      <metrics statements="13" coveredstatements="13" conditionals="0" coveredconditionals="0" methods="2" coveredmethods="2"/>
      <file name="prisma-utils.ts" path="/home/ivan/VSCode/drivent__t10-main/drivent__t10-main/src/utils/prisma-utils.ts">
        <metrics statements="5" coveredstatements="5" conditionals="0" coveredconditionals="0" methods="1" coveredmethods="1"/>
        <line num="1" count="10" type="stmt"/>
        <line num="2" count="12" type="stmt"/>
        <line num="3" count="12" type="stmt"/>
        <line num="4" count="18" type="stmt"/>
        <line num="6" count="12" type="stmt"/>
      </file>
      <file name="request.ts" path="/home/ivan/VSCode/drivent__t10-main/drivent__t10-main/src/utils/request.ts">
        <metrics statements="8" coveredstatements="8" conditionals="0" coveredconditionals="0" methods="1" coveredmethods="1"/>
        <line num="1" count="10" type="stmt"/>
        <line num="2" count="10" type="stmt"/>
        <line num="5" count="4" type="stmt"/>
        <line num="6" count="4" type="stmt"/>
        <line num="7" count="3" type="stmt"/>
        <line num="9" count="1" type="stmt"/>
        <line num="11" count="1" type="stmt"/>
        <line num="15" count="10" type="stmt"/>
      </file>
    </package>
    <package name="tests">
      <metrics statements="18" coveredstatements="18" conditionals="2" coveredconditionals="2" methods="2" coveredmethods="2"/>
      <file name="helpers.ts" path="/home/ivan/VSCode/drivent__t10-main/drivent__t10-main/tests/helpers.ts">
        <metrics statements="18" coveredstatements="18" conditionals="2" coveredconditionals="2" methods="2" coveredmethods="2"/>
        <line num="1" count="9" type="stmt"/>
        <line num="4" count="9" type="stmt"/>
        <line num="5" count="9" type="stmt"/>
        <line num="6" count="9" type="stmt"/>
        <line num="8" count="9" type="stmt"/>
        <line num="9" count="52" type="stmt"/>
        <line num="10" count="52" type="stmt"/>
        <line num="11" count="52" type="stmt"/>
        <line num="12" count="52" type="stmt"/>
        <line num="13" count="52" type="stmt"/>
        <line num="14" count="52" type="stmt"/>
        <line num="15" count="52" type="stmt"/>
        <line num="16" count="52" type="stmt"/>
        <line num="19" count="9" type="stmt"/>
        <line num="20" count="34" type="cond" truecount="2" falsecount="0"/>
        <line num="21" count="34" type="stmt"/>
        <line num="23" count="34" type="stmt"/>
        <line num="25" count="34" type="stmt"/>
      </file>
    </package>
    <package name="tests.factories">
      <metrics statements="52" coveredstatements="52" conditionals="18" coveredconditionals="17" methods="11" coveredmethods="11"/>
      <file name="enrollments-factory.ts" path="/home/ivan/VSCode/drivent__t10-main/drivent__t10-main/tests/factories/enrollments-factory.ts">
        <metrics statements="9" coveredstatements="9" conditionals="2" coveredconditionals="1" methods="2" coveredmethods="2"/>
        <line num="1" count="9" type="stmt"/>
        <line num="2" count="9" type="stmt"/>
        <line num="5" count="9" type="stmt"/>
        <line num="6" count="9" type="stmt"/>
        <line num="8" count="9" type="stmt"/>
        <line num="9" count="25" type="cond" truecount="1" falsecount="1"/>
        <line num="11" count="25" type="stmt"/>
        <line num="35" count="9" type="stmt"/>
        <line num="36" count="1" type="stmt"/>
      </file>
      <file name="events-factory.ts" path="/home/ivan/VSCode/drivent__t10-main/drivent__t10-main/tests/factories/events-factory.ts">
        <metrics statements="5" coveredstatements="5" conditionals="11" coveredconditionals="11" methods="1" coveredmethods="1"/>
        <line num="1" count="9" type="stmt"/>
        <line num="2" count="9" type="stmt"/>
        <line num="4" count="9" type="stmt"/>
        <line num="6" count="9" type="cond" truecount="1" falsecount="0"/>
        <line num="7" count="4" type="stmt"/>
      </file>
      <file name="hotels-factory.ts" path="/home/ivan/VSCode/drivent__t10-main/drivent__t10-main/tests/factories/hotels-factory.ts">
        <metrics statements="7" coveredstatements="7" conditionals="0" coveredconditionals="0" methods="2" coveredmethods="2"/>
        <line num="1" count="1" type="stmt"/>
        <line num="2" count="1" type="stmt"/>
        <line num="4" count="1" type="stmt"/>
        <line num="5" count="1" type="stmt"/>
        <line num="35" count="1" type="stmt"/>
        <line num="36" count="1" type="stmt"/>
        <line num="37" count="1" type="stmt"/>
      </file>
      <file name="index.ts" path="/home/ivan/VSCode/drivent__t10-main/drivent__t10-main/tests/factories/index.ts">
        <metrics statements="6" coveredstatements="6" conditionals="0" coveredconditionals="0" methods="0" coveredmethods="0"/>
        <line num="1" count="9" type="stmt"/>
        <line num="2" count="9" type="stmt"/>
        <line num="3" count="9" type="stmt"/>
        <line num="4" count="9" type="stmt"/>
        <line num="5" count="9" type="stmt"/>
        <line num="6" count="9" type="stmt"/>
      </file>
      <file name="payments-factory.ts" path="/home/ivan/VSCode/drivent__t10-main/drivent__t10-main/tests/factories/payments-factory.ts">
        <metrics statements="7" coveredstatements="7" conditionals="0" coveredconditionals="0" methods="2" coveredmethods="2"/>
        <line num="1" count="9" type="stmt"/>
        <line num="2" count="9" type="stmt"/>
        <line num="4" count="9" type="stmt"/>
        <line num="5" count="1" type="stmt"/>
        <line num="15" count="9" type="stmt"/>
        <line num="16" count="6" type="stmt"/>
        <line num="18" count="6" type="stmt"/>
      </file>
      <file name="sessions-factory.ts" path="/home/ivan/VSCode/drivent__t10-main/drivent__t10-main/tests/factories/sessions-factory.ts">
        <metrics statements="5" coveredstatements="5" conditionals="0" coveredconditionals="0" methods="1" coveredmethods="1"/>
        <line num="2" count="9" type="stmt"/>
        <line num="3" count="9" type="stmt"/>
        <line num="5" count="9" type="stmt"/>
        <line num="6" count="34" type="stmt"/>
        <line num="8" count="34" type="stmt"/>
      </file>
      <file name="tickets-factory.ts" path="/home/ivan/VSCode/drivent__t10-main/drivent__t10-main/tests/factories/tickets-factory.ts">
        <metrics statements="6" coveredstatements="6" conditionals="0" coveredconditionals="0" methods="2" coveredmethods="2"/>
        <line num="1" count="9" type="stmt"/>
        <line num="3" count="9" type="stmt"/>
        <line num="5" count="9" type="stmt"/>
        <line num="6" count="17" type="stmt"/>
        <line num="16" count="9" type="stmt"/>
        <line num="17" count="14" type="stmt"/>
      </file>
      <file name="users-factory.ts" path="/home/ivan/VSCode/drivent__t10-main/drivent__t10-main/tests/factories/users-factory.ts">
        <metrics statements="7" coveredstatements="7" conditionals="5" coveredconditionals="5" methods="1" coveredmethods="1"/>
        <line num="1" count="9" type="stmt"/>
        <line num="2" count="9" type="stmt"/>
        <line num="4" count="9" type="stmt"/>
        <line num="6" count="9" type="cond" truecount="1" falsecount="0"/>
        <line num="7" count="87" type="cond" truecount="2" falsecount="0"/>
        <line num="8" count="87" type="stmt"/>
        <line num="10" count="87" type="stmt"/>
      </file>
    </package>
  </project>
</coverage>
